2025-04-10T16:54:24.019+02:00  INFO 26044 --- [Dealvago] [main] c.boerma.dealvago.DealvagoApplication    : Starting DealvagoApplication using Java 21.0.4 with PID 26044 (C:\Users\sandr\Documents\ITHS\WebbserverProgramming40p\Labb\Dealvago\target\classes started by sandr in C:\Users\sandr\Documents\ITHS\WebbserverProgramming40p\Labb\Dealvago)
2025-04-10T16:54:24.023+02:00  INFO 26044 --- [Dealvago] [main] c.boerma.dealvago.DealvagoApplication    : No active profile set, falling back to 1 default profile: "default"
2025-04-10T16:54:24.559+02:00  INFO 26044 --- [Dealvago] [main] .s.d.r.c.RepositoryConfigurationDelegate : Bootstrapping Spring Data JPA repositories in DEFAULT mode.
2025-04-10T16:54:24.620+02:00  INFO 26044 --- [Dealvago] [main] .s.d.r.c.RepositoryConfigurationDelegate : Finished Spring Data repository scanning in 52 ms. Found 3 JPA repository interfaces.
2025-04-10T16:54:25.028+02:00  INFO 26044 --- [Dealvago] [main] o.s.b.w.embedded.tomcat.TomcatWebServer  : Tomcat initialized with port 8080 (http)
2025-04-10T16:54:25.037+02:00  INFO 26044 --- [Dealvago] [main] o.apache.catalina.core.StandardService   : Starting service [Tomcat]
2025-04-10T16:54:25.037+02:00  INFO 26044 --- [Dealvago] [main] o.apache.catalina.core.StandardEngine    : Starting Servlet engine: [Apache Tomcat/10.1.36]
2025-04-10T16:54:25.073+02:00  INFO 26044 --- [Dealvago] [main] o.a.c.c.C.[Tomcat].[localhost].[/]       : Initializing Spring embedded WebApplicationContext
2025-04-10T16:54:25.074+02:00  INFO 26044 --- [Dealvago] [main] w.s.c.ServletWebServerApplicationContext : Root WebApplicationContext: initialization completed in 1009 ms
2025-04-10T16:54:25.196+02:00  INFO 26044 --- [Dealvago] [main] o.hibernate.jpa.internal.util.LogHelper  : HHH000204: Processing PersistenceUnitInfo [name: default]
2025-04-10T16:54:25.230+02:00  INFO 26044 --- [Dealvago] [main] org.hibernate.Version                    : HHH000412: Hibernate ORM core version 6.6.8.Final
2025-04-10T16:54:25.260+02:00  INFO 26044 --- [Dealvago] [main] o.h.c.internal.RegionFactoryInitiator    : HHH000026: Second-level cache disabled
2025-04-10T16:54:25.470+02:00  INFO 26044 --- [Dealvago] [main] o.s.o.j.p.SpringPersistenceUnitInfo      : No LoadTimeWeaver setup: ignoring JPA class transformer
2025-04-10T16:54:25.490+02:00  INFO 26044 --- [Dealvago] [main] com.zaxxer.hikari.HikariDataSource       : HikariPool-1 - Starting...
2025-04-10T16:54:25.724+02:00  INFO 26044 --- [Dealvago] [main] com.zaxxer.hikari.pool.HikariPool        : HikariPool-1 - Added connection com.mysql.cj.jdbc.ConnectionImpl@23321be7
2025-04-10T16:54:25.728+02:00  INFO 26044 --- [Dealvago] [main] com.zaxxer.hikari.HikariDataSource       : HikariPool-1 - Start completed.
2025-04-10T16:54:25.784+02:00  INFO 26044 --- [Dealvago] [main] org.hibernate.orm.connections.pooling    : HHH10001005: Database info:
	Database JDBC URL [Connecting through datasource 'HikariDataSource (HikariPool-1)']
	Database driver: undefined/unknown
	Database version: 8.0.40
	Autocommit mode: undefined/unknown
	Isolation level: undefined/unknown
	Minimum pool size: undefined/unknown
	Maximum pool size: undefined/unknown
2025-04-10T16:54:26.529+02:00  INFO 26044 --- [Dealvago] [main] o.h.e.t.j.p.i.JtaPlatformInitiator       : HHH000489: No JTA platform available (set 'hibernate.transaction.jta.platform' to enable JTA platform integration)
2025-04-10T16:54:26.532+02:00  INFO 26044 --- [Dealvago] [main] j.LocalContainerEntityManagerFactoryBean : Initialized JPA EntityManagerFactory for persistence unit 'default'
2025-04-10T16:54:26.819+02:00  WARN 26044 --- [Dealvago] [main] JpaBaseConfiguration$JpaWebConfiguration : spring.jpa.open-in-view is enabled by default. Therefore, database queries may be performed during view rendering. Explicitly configure spring.jpa.open-in-view to disable this warning
2025-04-10T16:54:26.833+02:00  INFO 26044 --- [Dealvago] [main] o.s.b.a.w.s.WelcomePageHandlerMapping    : Adding welcome page: class path resource [static/index.html]
2025-04-10T16:54:26.871+02:00  WARN 26044 --- [Dealvago] [main] ConfigServletWebServerApplicationContext : Exception encountered during context initialization - cancelling refresh attempt: org.springframework.beans.factory.BeanCreationException: Error creating bean with name 'requestMappingHandlerMapping' defined in class path resource [org/springframework/boot/autoconfigure/web/servlet/WebMvcAutoConfiguration$EnableWebMvcConfiguration.class]: Ambiguous mapping. Cannot map 'productController' method 
com.boerma.dealvago.controller.ProductController#getAllProducts(Model)
to {GET [/products]}: There is already 'productController' bean method
com.boerma.dealvago.controller.ProductController#searchProducts(String, Model) mapped.
2025-04-10T16:54:26.872+02:00  INFO 26044 --- [Dealvago] [main] j.LocalContainerEntityManagerFactoryBean : Closing JPA EntityManagerFactory for persistence unit 'default'
2025-04-10T16:54:26.874+02:00  INFO 26044 --- [Dealvago] [main] com.zaxxer.hikari.HikariDataSource       : HikariPool-1 - Shutdown initiated...
2025-04-10T16:54:26.882+02:00  INFO 26044 --- [Dealvago] [main] com.zaxxer.hikari.HikariDataSource       : HikariPool-1 - Shutdown completed.
2025-04-10T16:54:26.884+02:00  INFO 26044 --- [Dealvago] [main] o.apache.catalina.core.StandardService   : Stopping service [Tomcat]
2025-04-10T16:54:26.891+02:00  INFO 26044 --- [Dealvago] [main] .s.b.a.l.ConditionEvaluationReportLogger : 

Error starting ApplicationContext. To display the condition evaluation report re-run your application with 'debug' enabled.
2025-04-10T16:54:26.902+02:00 ERROR 26044 --- [Dealvago] [main] o.s.boot.SpringApplication               : Application run failed

org.springframework.beans.factory.BeanCreationException: Error creating bean with name 'requestMappingHandlerMapping' defined in class path resource [org/springframework/boot/autoconfigure/web/servlet/WebMvcAutoConfiguration$EnableWebMvcConfiguration.class]: Ambiguous mapping. Cannot map 'productController' method 
com.boerma.dealvago.controller.ProductController#getAllProducts(Model)
to {GET [/products]}: There is already 'productController' bean method
com.boerma.dealvago.controller.ProductController#searchProducts(String, Model) mapped.
	at org.springframework.beans.factory.support.AbstractAutowireCapableBeanFactory.initializeBean(AbstractAutowireCapableBeanFactory.java:1812) ~[spring-beans-6.2.3.jar:6.2.3]
	at org.springframework.beans.factory.support.AbstractAutowireCapableBeanFactory.doCreateBean(AbstractAutowireCapableBeanFactory.java:601) ~[spring-beans-6.2.3.jar:6.2.3]
	at org.springframework.beans.factory.support.AbstractAutowireCapableBeanFactory.createBean(AbstractAutowireCapableBeanFactory.java:523) ~[spring-beans-6.2.3.jar:6.2.3]
	at org.springframework.beans.factory.support.AbstractBeanFactory.lambda$doGetBean$0(AbstractBeanFactory.java:339) ~[spring-beans-6.2.3.jar:6.2.3]
	at org.springframework.beans.factory.support.DefaultSingletonBeanRegistry.getSingleton(DefaultSingletonBeanRegistry.java:346) ~[spring-beans-6.2.3.jar:6.2.3]
	at org.springframework.beans.factory.support.AbstractBeanFactory.doGetBean(AbstractBeanFactory.java:337) ~[spring-beans-6.2.3.jar:6.2.3]
	at org.springframework.beans.factory.support.AbstractBeanFactory.getBean(AbstractBeanFactory.java:202) ~[spring-beans-6.2.3.jar:6.2.3]
	at org.springframework.beans.factory.support.DefaultListableBeanFactory.instantiateSingleton(DefaultListableBeanFactory.java:1155) ~[spring-beans-6.2.3.jar:6.2.3]
	at org.springframework.beans.factory.support.DefaultListableBeanFactory.preInstantiateSingleton(DefaultListableBeanFactory.java:1121) ~[spring-beans-6.2.3.jar:6.2.3]
	at org.springframework.beans.factory.support.DefaultListableBeanFactory.preInstantiateSingletons(DefaultListableBeanFactory.java:1056) ~[spring-beans-6.2.3.jar:6.2.3]
	at org.springframework.context.support.AbstractApplicationContext.finishBeanFactoryInitialization(AbstractApplicationContext.java:987) ~[spring-context-6.2.3.jar:6.2.3]
	at org.springframework.context.support.AbstractApplicationContext.refresh(AbstractApplicationContext.java:627) ~[spring-context-6.2.3.jar:6.2.3]
	at org.springframework.boot.web.servlet.context.ServletWebServerApplicationContext.refresh(ServletWebServerApplicationContext.java:146) ~[spring-boot-3.4.3.jar:3.4.3]
	at org.springframework.boot.SpringApplication.refresh(SpringApplication.java:752) ~[spring-boot-3.4.3.jar:3.4.3]
	at org.springframework.boot.SpringApplication.refreshContext(SpringApplication.java:439) ~[spring-boot-3.4.3.jar:3.4.3]
	at org.springframework.boot.SpringApplication.run(SpringApplication.java:318) ~[spring-boot-3.4.3.jar:3.4.3]
	at org.springframework.boot.SpringApplication.run(SpringApplication.java:1361) ~[spring-boot-3.4.3.jar:3.4.3]
	at org.springframework.boot.SpringApplication.run(SpringApplication.java:1350) ~[spring-boot-3.4.3.jar:3.4.3]
	at com.boerma.dealvago.DealvagoApplication.main(DealvagoApplication.java:10) ~[classes/:na]
Caused by: java.lang.IllegalStateException: Ambiguous mapping. Cannot map 'productController' method 
com.boerma.dealvago.controller.ProductController#getAllProducts(Model)
to {GET [/products]}: There is already 'productController' bean method
com.boerma.dealvago.controller.ProductController#searchProducts(String, Model) mapped.
	at org.springframework.web.servlet.handler.AbstractHandlerMethodMapping$MappingRegistry.validateMethodMapping(AbstractHandlerMethodMapping.java:676) ~[spring-webmvc-6.2.3.jar:6.2.3]
	at org.springframework.web.servlet.handler.AbstractHandlerMethodMapping$MappingRegistry.register(AbstractHandlerMethodMapping.java:637) ~[spring-webmvc-6.2.3.jar:6.2.3]
	at org.springframework.web.servlet.handler.AbstractHandlerMethodMapping.registerHandlerMethod(AbstractHandlerMethodMapping.java:331) ~[spring-webmvc-6.2.3.jar:6.2.3]
	at org.springframework.web.servlet.mvc.method.annotation.RequestMappingHandlerMapping.registerHandlerMethod(RequestMappingHandlerMapping.java:509) ~[spring-webmvc-6.2.3.jar:6.2.3]
	at org.springframework.web.servlet.mvc.method.annotation.RequestMappingHandlerMapping.registerHandlerMethod(RequestMappingHandlerMapping.java:84) ~[spring-webmvc-6.2.3.jar:6.2.3]
	at org.springframework.web.servlet.handler.AbstractHandlerMethodMapping.lambda$detectHandlerMethods$2(AbstractHandlerMethodMapping.java:298) ~[spring-webmvc-6.2.3.jar:6.2.3]
	at java.base/java.util.LinkedHashMap.forEach(LinkedHashMap.java:986) ~[na:na]
	at org.springframework.web.servlet.handler.AbstractHandlerMethodMapping.detectHandlerMethods(AbstractHandlerMethodMapping.java:296) ~[spring-webmvc-6.2.3.jar:6.2.3]
	at org.springframework.web.servlet.handler.AbstractHandlerMethodMapping.processCandidateBean(AbstractHandlerMethodMapping.java:265) ~[spring-webmvc-6.2.3.jar:6.2.3]
	at org.springframework.web.servlet.handler.AbstractHandlerMethodMapping.initHandlerMethods(AbstractHandlerMethodMapping.java:224) ~[spring-webmvc-6.2.3.jar:6.2.3]
	at org.springframework.web.servlet.handler.AbstractHandlerMethodMapping.afterPropertiesSet(AbstractHandlerMethodMapping.java:212) ~[spring-webmvc-6.2.3.jar:6.2.3]
	at org.springframework.web.servlet.mvc.method.annotation.RequestMappingHandlerMapping.afterPropertiesSet(RequestMappingHandlerMapping.java:239) ~[spring-webmvc-6.2.3.jar:6.2.3]
	at org.springframework.beans.factory.support.AbstractAutowireCapableBeanFactory.invokeInitMethods(AbstractAutowireCapableBeanFactory.java:1859) ~[spring-beans-6.2.3.jar:6.2.3]
	at org.springframework.beans.factory.support.AbstractAutowireCapableBeanFactory.initializeBean(AbstractAutowireCapableBeanFactory.java:1808) ~[spring-beans-6.2.3.jar:6.2.3]
	... 18 common frames omitted

2025-04-10T18:00:36.318+02:00  INFO 25240 --- [Dealvago] [main] c.boerma.dealvago.DealvagoApplication    : Starting DealvagoApplication using Java 21.0.4 with PID 25240 (C:\Users\sandr\Documents\ITHS\WebbserverProgramming40p\Labb\Dealvago\target\classes started by sandr in C:\Users\sandr\Documents\ITHS\WebbserverProgramming40p\Labb\Dealvago)
2025-04-10T18:00:36.319+02:00  INFO 25240 --- [Dealvago] [main] c.boerma.dealvago.DealvagoApplication    : No active profile set, falling back to 1 default profile: "default"
2025-04-10T18:00:36.857+02:00  INFO 25240 --- [Dealvago] [main] .s.d.r.c.RepositoryConfigurationDelegate : Bootstrapping Spring Data JPA repositories in DEFAULT mode.
2025-04-10T18:00:36.903+02:00  INFO 25240 --- [Dealvago] [main] .s.d.r.c.RepositoryConfigurationDelegate : Finished Spring Data repository scanning in 40 ms. Found 3 JPA repository interfaces.
2025-04-10T18:00:37.228+02:00  INFO 25240 --- [Dealvago] [main] o.s.b.w.embedded.tomcat.TomcatWebServer  : Tomcat initialized with port 8080 (http)
2025-04-10T18:00:37.236+02:00  INFO 25240 --- [Dealvago] [main] o.apache.catalina.core.StandardService   : Starting service [Tomcat]
2025-04-10T18:00:37.237+02:00  INFO 25240 --- [Dealvago] [main] o.apache.catalina.core.StandardEngine    : Starting Servlet engine: [Apache Tomcat/10.1.36]
2025-04-10T18:00:37.280+02:00  INFO 25240 --- [Dealvago] [main] o.a.c.c.C.[Tomcat].[localhost].[/]       : Initializing Spring embedded WebApplicationContext
2025-04-10T18:00:37.280+02:00  INFO 25240 --- [Dealvago] [main] w.s.c.ServletWebServerApplicationContext : Root WebApplicationContext: initialization completed in 910 ms
2025-04-10T18:00:37.385+02:00  INFO 25240 --- [Dealvago] [main] o.hibernate.jpa.internal.util.LogHelper  : HHH000204: Processing PersistenceUnitInfo [name: default]
2025-04-10T18:00:37.417+02:00  INFO 25240 --- [Dealvago] [main] org.hibernate.Version                    : HHH000412: Hibernate ORM core version 6.6.8.Final
2025-04-10T18:00:37.442+02:00  INFO 25240 --- [Dealvago] [main] o.h.c.internal.RegionFactoryInitiator    : HHH000026: Second-level cache disabled
2025-04-10T18:00:37.644+02:00  INFO 25240 --- [Dealvago] [main] o.s.o.j.p.SpringPersistenceUnitInfo      : No LoadTimeWeaver setup: ignoring JPA class transformer
2025-04-10T18:00:37.664+02:00  INFO 25240 --- [Dealvago] [main] com.zaxxer.hikari.HikariDataSource       : HikariPool-1 - Starting...
2025-04-10T18:00:37.943+02:00  INFO 25240 --- [Dealvago] [main] com.zaxxer.hikari.pool.HikariPool        : HikariPool-1 - Added connection com.mysql.cj.jdbc.ConnectionImpl@2bb0e277
2025-04-10T18:00:37.944+02:00  INFO 25240 --- [Dealvago] [main] com.zaxxer.hikari.HikariDataSource       : HikariPool-1 - Start completed.
2025-04-10T18:00:38.017+02:00  INFO 25240 --- [Dealvago] [main] org.hibernate.orm.connections.pooling    : HHH10001005: Database info:
	Database JDBC URL [Connecting through datasource 'HikariDataSource (HikariPool-1)']
	Database driver: undefined/unknown
	Database version: 8.0.40
	Autocommit mode: undefined/unknown
	Isolation level: undefined/unknown
	Minimum pool size: undefined/unknown
	Maximum pool size: undefined/unknown
2025-04-10T18:00:38.709+02:00  INFO 25240 --- [Dealvago] [main] o.h.e.t.j.p.i.JtaPlatformInitiator       : HHH000489: No JTA platform available (set 'hibernate.transaction.jta.platform' to enable JTA platform integration)
2025-04-10T18:00:38.715+02:00  INFO 25240 --- [Dealvago] [main] j.LocalContainerEntityManagerFactoryBean : Initialized JPA EntityManagerFactory for persistence unit 'default'
2025-04-10T18:00:38.953+02:00  WARN 25240 --- [Dealvago] [main] JpaBaseConfiguration$JpaWebConfiguration : spring.jpa.open-in-view is enabled by default. Therefore, database queries may be performed during view rendering. Explicitly configure spring.jpa.open-in-view to disable this warning
2025-04-10T18:00:38.967+02:00  INFO 25240 --- [Dealvago] [main] o.s.b.a.w.s.WelcomePageHandlerMapping    : Adding welcome page: class path resource [static/index.html]
2025-04-10T18:00:39.006+02:00  WARN 25240 --- [Dealvago] [main] ConfigServletWebServerApplicationContext : Exception encountered during context initialization - cancelling refresh attempt: org.springframework.beans.factory.BeanCreationException: Error creating bean with name 'requestMappingHandlerMapping' defined in class path resource [org/springframework/boot/autoconfigure/web/servlet/WebMvcAutoConfiguration$EnableWebMvcConfiguration.class]: Ambiguous mapping. Cannot map 'productController' method 
com.boerma.dealvago.controller.ProductController#searchProducts(String, Model)
to {GET [/products]}: There is already 'productController' bean method
com.boerma.dealvago.controller.ProductController#getAllProducts(Model) mapped.
2025-04-10T18:00:39.006+02:00  INFO 25240 --- [Dealvago] [main] j.LocalContainerEntityManagerFactoryBean : Closing JPA EntityManagerFactory for persistence unit 'default'
2025-04-10T18:00:39.008+02:00  INFO 25240 --- [Dealvago] [main] com.zaxxer.hikari.HikariDataSource       : HikariPool-1 - Shutdown initiated...
2025-04-10T18:00:39.015+02:00  INFO 25240 --- [Dealvago] [main] com.zaxxer.hikari.HikariDataSource       : HikariPool-1 - Shutdown completed.
2025-04-10T18:00:39.017+02:00  INFO 25240 --- [Dealvago] [main] o.apache.catalina.core.StandardService   : Stopping service [Tomcat]
2025-04-10T18:00:39.025+02:00  INFO 25240 --- [Dealvago] [main] .s.b.a.l.ConditionEvaluationReportLogger : 

Error starting ApplicationContext. To display the condition evaluation report re-run your application with 'debug' enabled.
2025-04-10T18:00:39.034+02:00 ERROR 25240 --- [Dealvago] [main] o.s.boot.SpringApplication               : Application run failed

org.springframework.beans.factory.BeanCreationException: Error creating bean with name 'requestMappingHandlerMapping' defined in class path resource [org/springframework/boot/autoconfigure/web/servlet/WebMvcAutoConfiguration$EnableWebMvcConfiguration.class]: Ambiguous mapping. Cannot map 'productController' method 
com.boerma.dealvago.controller.ProductController#searchProducts(String, Model)
to {GET [/products]}: There is already 'productController' bean method
com.boerma.dealvago.controller.ProductController#getAllProducts(Model) mapped.
	at org.springframework.beans.factory.support.AbstractAutowireCapableBeanFactory.initializeBean(AbstractAutowireCapableBeanFactory.java:1812) ~[spring-beans-6.2.3.jar:6.2.3]
	at org.springframework.beans.factory.support.AbstractAutowireCapableBeanFactory.doCreateBean(AbstractAutowireCapableBeanFactory.java:601) ~[spring-beans-6.2.3.jar:6.2.3]
	at org.springframework.beans.factory.support.AbstractAutowireCapableBeanFactory.createBean(AbstractAutowireCapableBeanFactory.java:523) ~[spring-beans-6.2.3.jar:6.2.3]
	at org.springframework.beans.factory.support.AbstractBeanFactory.lambda$doGetBean$0(AbstractBeanFactory.java:339) ~[spring-beans-6.2.3.jar:6.2.3]
	at org.springframework.beans.factory.support.DefaultSingletonBeanRegistry.getSingleton(DefaultSingletonBeanRegistry.java:346) ~[spring-beans-6.2.3.jar:6.2.3]
	at org.springframework.beans.factory.support.AbstractBeanFactory.doGetBean(AbstractBeanFactory.java:337) ~[spring-beans-6.2.3.jar:6.2.3]
	at org.springframework.beans.factory.support.AbstractBeanFactory.getBean(AbstractBeanFactory.java:202) ~[spring-beans-6.2.3.jar:6.2.3]
	at org.springframework.beans.factory.support.DefaultListableBeanFactory.instantiateSingleton(DefaultListableBeanFactory.java:1155) ~[spring-beans-6.2.3.jar:6.2.3]
	at org.springframework.beans.factory.support.DefaultListableBeanFactory.preInstantiateSingleton(DefaultListableBeanFactory.java:1121) ~[spring-beans-6.2.3.jar:6.2.3]
	at org.springframework.beans.factory.support.DefaultListableBeanFactory.preInstantiateSingletons(DefaultListableBeanFactory.java:1056) ~[spring-beans-6.2.3.jar:6.2.3]
	at org.springframework.context.support.AbstractApplicationContext.finishBeanFactoryInitialization(AbstractApplicationContext.java:987) ~[spring-context-6.2.3.jar:6.2.3]
	at org.springframework.context.support.AbstractApplicationContext.refresh(AbstractApplicationContext.java:627) ~[spring-context-6.2.3.jar:6.2.3]
	at org.springframework.boot.web.servlet.context.ServletWebServerApplicationContext.refresh(ServletWebServerApplicationContext.java:146) ~[spring-boot-3.4.3.jar:3.4.3]
	at org.springframework.boot.SpringApplication.refresh(SpringApplication.java:752) ~[spring-boot-3.4.3.jar:3.4.3]
	at org.springframework.boot.SpringApplication.refreshContext(SpringApplication.java:439) ~[spring-boot-3.4.3.jar:3.4.3]
	at org.springframework.boot.SpringApplication.run(SpringApplication.java:318) ~[spring-boot-3.4.3.jar:3.4.3]
	at org.springframework.boot.SpringApplication.run(SpringApplication.java:1361) ~[spring-boot-3.4.3.jar:3.4.3]
	at org.springframework.boot.SpringApplication.run(SpringApplication.java:1350) ~[spring-boot-3.4.3.jar:3.4.3]
	at com.boerma.dealvago.DealvagoApplication.main(DealvagoApplication.java:10) ~[classes/:na]
Caused by: java.lang.IllegalStateException: Ambiguous mapping. Cannot map 'productController' method 
com.boerma.dealvago.controller.ProductController#searchProducts(String, Model)
to {GET [/products]}: There is already 'productController' bean method
com.boerma.dealvago.controller.ProductController#getAllProducts(Model) mapped.
	at org.springframework.web.servlet.handler.AbstractHandlerMethodMapping$MappingRegistry.validateMethodMapping(AbstractHandlerMethodMapping.java:676) ~[spring-webmvc-6.2.3.jar:6.2.3]
	at org.springframework.web.servlet.handler.AbstractHandlerMethodMapping$MappingRegistry.register(AbstractHandlerMethodMapping.java:637) ~[spring-webmvc-6.2.3.jar:6.2.3]
	at org.springframework.web.servlet.handler.AbstractHandlerMethodMapping.registerHandlerMethod(AbstractHandlerMethodMapping.java:331) ~[spring-webmvc-6.2.3.jar:6.2.3]
	at org.springframework.web.servlet.mvc.method.annotation.RequestMappingHandlerMapping.registerHandlerMethod(RequestMappingHandlerMapping.java:509) ~[spring-webmvc-6.2.3.jar:6.2.3]
	at org.springframework.web.servlet.mvc.method.annotation.RequestMappingHandlerMapping.registerHandlerMethod(RequestMappingHandlerMapping.java:84) ~[spring-webmvc-6.2.3.jar:6.2.3]
	at org.springframework.web.servlet.handler.AbstractHandlerMethodMapping.lambda$detectHandlerMethods$2(AbstractHandlerMethodMapping.java:298) ~[spring-webmvc-6.2.3.jar:6.2.3]
	at java.base/java.util.LinkedHashMap.forEach(LinkedHashMap.java:986) ~[na:na]
	at org.springframework.web.servlet.handler.AbstractHandlerMethodMapping.detectHandlerMethods(AbstractHandlerMethodMapping.java:296) ~[spring-webmvc-6.2.3.jar:6.2.3]
	at org.springframework.web.servlet.handler.AbstractHandlerMethodMapping.processCandidateBean(AbstractHandlerMethodMapping.java:265) ~[spring-webmvc-6.2.3.jar:6.2.3]
	at org.springframework.web.servlet.handler.AbstractHandlerMethodMapping.initHandlerMethods(AbstractHandlerMethodMapping.java:224) ~[spring-webmvc-6.2.3.jar:6.2.3]
	at org.springframework.web.servlet.handler.AbstractHandlerMethodMapping.afterPropertiesSet(AbstractHandlerMethodMapping.java:212) ~[spring-webmvc-6.2.3.jar:6.2.3]
	at org.springframework.web.servlet.mvc.method.annotation.RequestMappingHandlerMapping.afterPropertiesSet(RequestMappingHandlerMapping.java:239) ~[spring-webmvc-6.2.3.jar:6.2.3]
	at org.springframework.beans.factory.support.AbstractAutowireCapableBeanFactory.invokeInitMethods(AbstractAutowireCapableBeanFactory.java:1859) ~[spring-beans-6.2.3.jar:6.2.3]
	at org.springframework.beans.factory.support.AbstractAutowireCapableBeanFactory.initializeBean(AbstractAutowireCapableBeanFactory.java:1808) ~[spring-beans-6.2.3.jar:6.2.3]
	... 18 common frames omitted

2025-04-10T18:06:35.769+02:00  INFO 26460 --- [Dealvago] [main] c.boerma.dealvago.DealvagoApplication    : Starting DealvagoApplication using Java 21.0.4 with PID 26460 (C:\Users\sandr\Documents\ITHS\WebbserverProgramming40p\Labb\Dealvago\target\classes started by sandr in C:\Users\sandr\Documents\ITHS\WebbserverProgramming40p\Labb\Dealvago)
2025-04-10T18:06:35.771+02:00  INFO 26460 --- [Dealvago] [main] c.boerma.dealvago.DealvagoApplication    : No active profile set, falling back to 1 default profile: "default"
2025-04-10T18:06:36.279+02:00  INFO 26460 --- [Dealvago] [main] .s.d.r.c.RepositoryConfigurationDelegate : Bootstrapping Spring Data JPA repositories in DEFAULT mode.
2025-04-10T18:06:36.325+02:00  INFO 26460 --- [Dealvago] [main] .s.d.r.c.RepositoryConfigurationDelegate : Finished Spring Data repository scanning in 40 ms. Found 3 JPA repository interfaces.
2025-04-10T18:06:36.664+02:00  INFO 26460 --- [Dealvago] [main] o.s.b.w.embedded.tomcat.TomcatWebServer  : Tomcat initialized with port 8080 (http)
2025-04-10T18:06:36.674+02:00  INFO 26460 --- [Dealvago] [main] o.apache.catalina.core.StandardService   : Starting service [Tomcat]
2025-04-10T18:06:36.675+02:00  INFO 26460 --- [Dealvago] [main] o.apache.catalina.core.StandardEngine    : Starting Servlet engine: [Apache Tomcat/10.1.36]
2025-04-10T18:06:36.714+02:00  INFO 26460 --- [Dealvago] [main] o.a.c.c.C.[Tomcat].[localhost].[/]       : Initializing Spring embedded WebApplicationContext
2025-04-10T18:06:36.715+02:00  INFO 26460 --- [Dealvago] [main] w.s.c.ServletWebServerApplicationContext : Root WebApplicationContext: initialization completed in 892 ms
2025-04-10T18:06:36.826+02:00  INFO 26460 --- [Dealvago] [main] o.hibernate.jpa.internal.util.LogHelper  : HHH000204: Processing PersistenceUnitInfo [name: default]
2025-04-10T18:06:36.863+02:00  INFO 26460 --- [Dealvago] [main] org.hibernate.Version                    : HHH000412: Hibernate ORM core version 6.6.8.Final
2025-04-10T18:06:36.888+02:00  INFO 26460 --- [Dealvago] [main] o.h.c.internal.RegionFactoryInitiator    : HHH000026: Second-level cache disabled
2025-04-10T18:06:37.112+02:00  INFO 26460 --- [Dealvago] [main] o.s.o.j.p.SpringPersistenceUnitInfo      : No LoadTimeWeaver setup: ignoring JPA class transformer
2025-04-10T18:06:37.132+02:00  INFO 26460 --- [Dealvago] [main] com.zaxxer.hikari.HikariDataSource       : HikariPool-1 - Starting...
2025-04-10T18:06:37.371+02:00  INFO 26460 --- [Dealvago] [main] com.zaxxer.hikari.pool.HikariPool        : HikariPool-1 - Added connection com.mysql.cj.jdbc.ConnectionImpl@11228bee
2025-04-10T18:06:37.373+02:00  INFO 26460 --- [Dealvago] [main] com.zaxxer.hikari.HikariDataSource       : HikariPool-1 - Start completed.
2025-04-10T18:06:37.437+02:00  INFO 26460 --- [Dealvago] [main] org.hibernate.orm.connections.pooling    : HHH10001005: Database info:
	Database JDBC URL [Connecting through datasource 'HikariDataSource (HikariPool-1)']
	Database driver: undefined/unknown
	Database version: 8.0.40
	Autocommit mode: undefined/unknown
	Isolation level: undefined/unknown
	Minimum pool size: undefined/unknown
	Maximum pool size: undefined/unknown
2025-04-10T18:06:38.265+02:00  INFO 26460 --- [Dealvago] [main] o.h.e.t.j.p.i.JtaPlatformInitiator       : HHH000489: No JTA platform available (set 'hibernate.transaction.jta.platform' to enable JTA platform integration)
2025-04-10T18:06:38.268+02:00  INFO 26460 --- [Dealvago] [main] j.LocalContainerEntityManagerFactoryBean : Initialized JPA EntityManagerFactory for persistence unit 'default'
2025-04-10T18:06:38.526+02:00  WARN 26460 --- [Dealvago] [main] JpaBaseConfiguration$JpaWebConfiguration : spring.jpa.open-in-view is enabled by default. Therefore, database queries may be performed during view rendering. Explicitly configure spring.jpa.open-in-view to disable this warning
2025-04-10T18:06:38.540+02:00  INFO 26460 --- [Dealvago] [main] o.s.b.a.w.s.WelcomePageHandlerMapping    : Adding welcome page: class path resource [static/index.html]
2025-04-10T18:06:38.837+02:00  INFO 26460 --- [Dealvago] [main] o.s.b.w.embedded.tomcat.TomcatWebServer  : Tomcat started on port 8080 (http) with context path '/'
2025-04-10T18:06:38.842+02:00  INFO 26460 --- [Dealvago] [main] c.boerma.dealvago.DealvagoApplication    : Started DealvagoApplication in 3.504 seconds (process running for 4.055)
2025-04-10T18:06:47.451+02:00  INFO 26460 --- [Dealvago] [http-nio-8080-exec-1] o.a.c.c.C.[Tomcat].[localhost].[/]       : Initializing Spring DispatcherServlet 'dispatcherServlet'
2025-04-10T18:06:47.451+02:00  INFO 26460 --- [Dealvago] [http-nio-8080-exec-1] o.s.web.servlet.DispatcherServlet        : Initializing Servlet 'dispatcherServlet'
2025-04-10T18:06:47.453+02:00  INFO 26460 --- [Dealvago] [http-nio-8080-exec-1] o.s.web.servlet.DispatcherServlet        : Completed initialization in 2 ms
2025-04-10T18:06:47.724+02:00  INFO 26460 --- [Dealvago] [http-nio-8080-exec-1] c.b.d.controller.ProductController       : GET /products received with search='null'
2025-04-10T18:06:57.853+02:00  INFO 26460 --- [Dealvago] [http-nio-8080-exec-2] c.b.d.controller.ProductController       : GET /products received with search='kies'
2025-04-10T18:07:02.124+02:00  INFO 26460 --- [Dealvago] [http-nio-8080-exec-3] c.b.d.controller.ProductController       : GET /products received with search='fee'
2025-04-10T18:07:09.771+02:00  INFO 26460 --- [Dealvago] [http-nio-8080-exec-4] c.b.d.controller.ProductController       : GET /products received with search='milk'
2025-04-10T18:07:20.921+02:00  INFO 26460 --- [Dealvago] [http-nio-8080-exec-5] c.b.d.controller.ProductController       : GET /products received with search='milk'
2025-04-10T18:07:24.786+02:00  INFO 26460 --- [Dealvago] [http-nio-8080-exec-7] c.b.d.controller.ProductController       : GET /products received with search=''
2025-04-10T18:13:17.700+02:00  INFO 26460 --- [Dealvago] [SpringApplicationShutdownHook] o.s.b.w.e.tomcat.GracefulShutdown        : Commencing graceful shutdown. Waiting for active requests to complete
2025-04-10T18:13:17.729+02:00  INFO 26460 --- [Dealvago] [tomcat-shutdown] o.s.b.w.e.tomcat.GracefulShutdown        : Graceful shutdown complete
2025-04-10T18:13:17.732+02:00  INFO 26460 --- [Dealvago] [SpringApplicationShutdownHook] j.LocalContainerEntityManagerFactoryBean : Closing JPA EntityManagerFactory for persistence unit 'default'
2025-04-10T18:13:17.736+02:00  INFO 26460 --- [Dealvago] [SpringApplicationShutdownHook] com.zaxxer.hikari.HikariDataSource       : HikariPool-1 - Shutdown initiated...
2025-04-10T18:13:17.745+02:00  INFO 26460 --- [Dealvago] [SpringApplicationShutdownHook] com.zaxxer.hikari.HikariDataSource       : HikariPool-1 - Shutdown completed.
2025-04-10T18:13:20.892+02:00  INFO 8968 --- [Dealvago] [main] c.boerma.dealvago.DealvagoApplication    : Starting DealvagoApplication using Java 21.0.4 with PID 8968 (C:\Users\sandr\Documents\ITHS\WebbserverProgramming40p\Labb\Dealvago\target\classes started by sandr in C:\Users\sandr\Documents\ITHS\WebbserverProgramming40p\Labb\Dealvago)
2025-04-10T18:13:20.894+02:00  INFO 8968 --- [Dealvago] [main] c.boerma.dealvago.DealvagoApplication    : No active profile set, falling back to 1 default profile: "default"
2025-04-10T18:13:21.412+02:00  INFO 8968 --- [Dealvago] [main] .s.d.r.c.RepositoryConfigurationDelegate : Bootstrapping Spring Data JPA repositories in DEFAULT mode.
2025-04-10T18:13:21.464+02:00  INFO 8968 --- [Dealvago] [main] .s.d.r.c.RepositoryConfigurationDelegate : Finished Spring Data repository scanning in 43 ms. Found 3 JPA repository interfaces.
2025-04-10T18:13:21.849+02:00  INFO 8968 --- [Dealvago] [main] o.s.b.w.embedded.tomcat.TomcatWebServer  : Tomcat initialized with port 8080 (http)
2025-04-10T18:13:21.859+02:00  INFO 8968 --- [Dealvago] [main] o.apache.catalina.core.StandardService   : Starting service [Tomcat]
2025-04-10T18:13:21.860+02:00  INFO 8968 --- [Dealvago] [main] o.apache.catalina.core.StandardEngine    : Starting Servlet engine: [Apache Tomcat/10.1.36]
2025-04-10T18:13:21.896+02:00  INFO 8968 --- [Dealvago] [main] o.a.c.c.C.[Tomcat].[localhost].[/]       : Initializing Spring embedded WebApplicationContext
2025-04-10T18:13:21.897+02:00  INFO 8968 --- [Dealvago] [main] w.s.c.ServletWebServerApplicationContext : Root WebApplicationContext: initialization completed in 956 ms
2025-04-10T18:13:22.006+02:00  INFO 8968 --- [Dealvago] [main] o.hibernate.jpa.internal.util.LogHelper  : HHH000204: Processing PersistenceUnitInfo [name: default]
2025-04-10T18:13:22.040+02:00  INFO 8968 --- [Dealvago] [main] org.hibernate.Version                    : HHH000412: Hibernate ORM core version 6.6.8.Final
2025-04-10T18:13:22.064+02:00  INFO 8968 --- [Dealvago] [main] o.h.c.internal.RegionFactoryInitiator    : HHH000026: Second-level cache disabled
2025-04-10T18:13:22.270+02:00  INFO 8968 --- [Dealvago] [main] o.s.o.j.p.SpringPersistenceUnitInfo      : No LoadTimeWeaver setup: ignoring JPA class transformer
2025-04-10T18:13:22.292+02:00  INFO 8968 --- [Dealvago] [main] com.zaxxer.hikari.HikariDataSource       : HikariPool-1 - Starting...
2025-04-10T18:13:22.536+02:00  INFO 8968 --- [Dealvago] [main] com.zaxxer.hikari.pool.HikariPool        : HikariPool-1 - Added connection com.mysql.cj.jdbc.ConnectionImpl@123ca460
2025-04-10T18:13:22.537+02:00  INFO 8968 --- [Dealvago] [main] com.zaxxer.hikari.HikariDataSource       : HikariPool-1 - Start completed.
2025-04-10T18:13:22.598+02:00  INFO 8968 --- [Dealvago] [main] org.hibernate.orm.connections.pooling    : HHH10001005: Database info:
	Database JDBC URL [Connecting through datasource 'HikariDataSource (HikariPool-1)']
	Database driver: undefined/unknown
	Database version: 8.0.40
	Autocommit mode: undefined/unknown
	Isolation level: undefined/unknown
	Minimum pool size: undefined/unknown
	Maximum pool size: undefined/unknown
2025-04-10T18:13:23.349+02:00  INFO 8968 --- [Dealvago] [main] o.h.e.t.j.p.i.JtaPlatformInitiator       : HHH000489: No JTA platform available (set 'hibernate.transaction.jta.platform' to enable JTA platform integration)
2025-04-10T18:13:23.353+02:00  INFO 8968 --- [Dealvago] [main] j.LocalContainerEntityManagerFactoryBean : Initialized JPA EntityManagerFactory for persistence unit 'default'
2025-04-10T18:13:23.601+02:00  WARN 8968 --- [Dealvago] [main] JpaBaseConfiguration$JpaWebConfiguration : spring.jpa.open-in-view is enabled by default. Therefore, database queries may be performed during view rendering. Explicitly configure spring.jpa.open-in-view to disable this warning
2025-04-10T18:13:23.616+02:00  INFO 8968 --- [Dealvago] [main] o.s.b.a.w.s.WelcomePageHandlerMapping    : Adding welcome page: class path resource [static/index.html]
2025-04-10T18:13:23.947+02:00  INFO 8968 --- [Dealvago] [main] o.s.b.w.embedded.tomcat.TomcatWebServer  : Tomcat started on port 8080 (http) with context path '/'
2025-04-10T18:13:23.952+02:00  INFO 8968 --- [Dealvago] [main] c.boerma.dealvago.DealvagoApplication    : Started DealvagoApplication in 3.612 seconds (process running for 4.207)
2025-04-10T18:13:50.910+02:00  INFO 8968 --- [Dealvago] [http-nio-8080-exec-1] o.a.c.c.C.[Tomcat].[localhost].[/]       : Initializing Spring DispatcherServlet 'dispatcherServlet'
2025-04-10T18:13:50.910+02:00  INFO 8968 --- [Dealvago] [http-nio-8080-exec-1] o.s.web.servlet.DispatcherServlet        : Initializing Servlet 'dispatcherServlet'
2025-04-10T18:13:50.912+02:00  INFO 8968 --- [Dealvago] [http-nio-8080-exec-1] o.s.web.servlet.DispatcherServlet        : Completed initialization in 2 ms
2025-04-10T18:13:51.079+02:00  INFO 8968 --- [Dealvago] [http-nio-8080-exec-1] c.b.d.controller.ProductController       : GET /products received with search=''
2025-04-10T18:13:51.080+02:00  INFO 8968 --- [Dealvago] [http-nio-8080-exec-1] c.b.dealvago.service.InventoryService    : Fetching all products — no search term provided
2025-04-10T18:14:03.278+02:00  INFO 8968 --- [Dealvago] [http-nio-8080-exec-7] c.b.d.controller.ProductController       : GET /products received with search='e'
2025-04-10T18:14:03.279+02:00  INFO 8968 --- [Dealvago] [http-nio-8080-exec-7] c.b.dealvago.service.InventoryService    : Searching products with keyword 'e'
2025-04-10T18:14:06.660+02:00  INFO 8968 --- [Dealvago] [http-nio-8080-exec-2] c.b.d.controller.ProductController       : GET /products received with search='k'
2025-04-10T18:14:06.660+02:00  INFO 8968 --- [Dealvago] [http-nio-8080-exec-2] c.b.dealvago.service.InventoryService    : Searching products with keyword 'k'
2025-04-10T18:14:09.962+02:00  INFO 8968 --- [Dealvago] [http-nio-8080-exec-4] c.b.d.controller.ProductController       : GET /products received with search=' '
2025-04-10T18:14:09.964+02:00  INFO 8968 --- [Dealvago] [http-nio-8080-exec-4] c.b.dealvago.service.InventoryService    : Fetching all products — no search term provided
2025-04-10T18:15:47.028+02:00  INFO 8968 --- [Dealvago] [SpringApplicationShutdownHook] o.s.b.w.e.tomcat.GracefulShutdown        : Commencing graceful shutdown. Waiting for active requests to complete
2025-04-10T18:15:47.037+02:00  INFO 8968 --- [Dealvago] [tomcat-shutdown] o.s.b.w.e.tomcat.GracefulShutdown        : Graceful shutdown complete
2025-04-10T18:15:47.041+02:00  INFO 8968 --- [Dealvago] [SpringApplicationShutdownHook] j.LocalContainerEntityManagerFactoryBean : Closing JPA EntityManagerFactory for persistence unit 'default'
2025-04-10T18:15:47.042+02:00  INFO 8968 --- [Dealvago] [SpringApplicationShutdownHook] com.zaxxer.hikari.HikariDataSource       : HikariPool-1 - Shutdown initiated...
2025-04-10T18:15:47.049+02:00  INFO 8968 --- [Dealvago] [SpringApplicationShutdownHook] com.zaxxer.hikari.HikariDataSource       : HikariPool-1 - Shutdown completed.
